Added Pin To Net: NetName=GND Pin=C1-1
Added Pin To Net: NetName=GND Pin=C3-1
Added Pin To Net: NetName=GND Pin=C4-2
Added Pin To Net: NetName=GND Pin=J1-1
Added Pin To Net: NetName=GND Pin=J1-3
Added Pin To Net: NetName=MOSI Pin=J1-8
Added Pin To Net: NetName=SCK Pin=J1-9
Added Pin To Net: NetName=GND Pin=J1-10
Added Pin To Net: NetName=MISO Pin=J1-11
Added Pin To Net: NetName=3V3 Pin=J1-13
Added Pin To Net: NetName=3V3 Pin=J1-14
Added Pin To Net: NetName=NetJ1_2 Pin=R3-1
Added Pin To Net: NetName=NetJ1_7 Pin=U1-5
Added Pin To Net: NetName=NetJ1_12 Pin=U2-9
Added Pin To Net: NetName=NetJ1_6 Pin=U2-12
Added Pin To Net: NetName=NetJ1_5 Pin=U3-8
Added Pin To Net: NetName=NetJ1_4 Pin=U4-6
Change Net Name : Old Net Name=3V3 New Net Name=NetC1_2
Change Net Name : Old Net Name=GND New Net Name=NetC1_1
Change Net Name : Old Net Name=MISO New Net Name=NetJ1_11
Change Net Name : Old Net Name=MOSI New Net Name=NetJ1_8
Change Net Name : Old Net Name=SCK New Net Name=NetJ1_9
Added Room: Name=AHRS_Sch
