Removed Pin From Net: NetName=3V3 Pin=C12-2
Removed Pin From Net: NetName=3V3 Pin=J1-1
Removed Pin From Net: NetName=3V3 Pin=J1-14
Removed Pin From Net: NetName=3V3 Pin=R1-1
Change Component Comment : Designator=C4 Old Comment=Capacitence New Comment=100nF/6.3v
Change Component Comment : Designator=C5 Old Comment=Capacitence New Comment=100nF/6.3v
Change Component Comment : Designator=C6 Old Comment=Capacitence New Comment=100nF/6.3v
Added Component: Designator=C13(C_0603)
Added Component: Designator=C14(C_0603)
Added Component: Designator=U5(SOT-23)
Added Pin To Net: NetName=GND Pin=C13-1
Added Pin To Net: NetName=GND Pin=C14-1
Added Pin To Net: NetName=3V3 Pin=C14-2
Added Pin To Net: NetName=GND Pin=U5-1
Added Pin To Net: NetName=3V3 Pin=U5-2
Added Pin To Net: NetName=5V Pin=C12-2
Added Pin To Net: NetName=5V Pin=C13-2
Added Pin To Net: NetName=5V Pin=J1-1
Added Pin To Net: NetName=5V Pin=J1-14
Added Pin To Net: NetName=5V Pin=R1-1
Added Pin To Net: NetName=5V Pin=U5-3
Added Net: Name=5V
Added Member To Class: ClassName=AHRS_Sch Member=Component C13 1uF/6.3v
Added Member To Class: ClassName=AHRS_Sch Member=Component C14 1uF/6.3v
Added Member To Class: ClassName=AHRS_Sch Member=Component U5 XC6202
Added Room: Name=AHRS_Sch
