Added Component: Designator=C1(C_0603)
Added Component: Designator=C2(C_0603)
Added Component: Designator=C3(C_0603)
Added Component: Designator=C4(C_0603)
Added Component: Designator=C5(C_0603)
Added Component: Designator=C6(C_0603)
Added Component: Designator=C7(C_0603)
Added Component: Designator=C8(C_0603)
Added Component: Designator=C9(C_0603)
Added Component: Designator=C10(C_0603)
Added Component: Designator=C11(C_0603)
Added Component: Designator=C12(C_0805)
Added Component: Designator=C13(C_0603)
Added Component: Designator=C14(C_0603)
Added Component: Designator=J1(FPC/FFP)
Added Component: Designator=Q1(SOT-23)
Added Component: Designator=R1(R_2512)
Added Component: Designator=R2(R_0603)
Added Component: Designator=R3(R_0603)
Added Component: Designator=TP1(Test_Point)
Added Component: Designator=TP2(Test_Point)
Added Component: Designator=TP3(Test_Point)
Added Component: Designator=TP4(Test_Point)
Added Component: Designator=TP5(Test_Point)
Added Component: Designator=TP6(Test_Point)
Added Component: Designator=TP7(Test_Point)
Added Component: Designator=TP8(Test_Point)
Added Component: Designator=TP9(Test_Point)
Added Component: Designator=TP10(Test_Point)
Added Component: Designator=TP11(Test_Point)
Added Component: Designator=U1(LGA-16)
Added Component: Designator=U2(LGA-14L)
Added Component: Designator=U3(LGA-16)
Added Component: Designator=U4(HLGA-10L)
Added Component: Designator=U5(SOT-23)
Added Pin To Net: NetName=GND Pin=C1-1
Added Pin To Net: NetName=3V3 Pin=C1-2
Added Pin To Net: NetName=GND Pin=C2-1
Added Pin To Net: NetName=NetC2_2 Pin=C2-2
Added Pin To Net: NetName=GND Pin=C3-1
Added Pin To Net: NetName=3V3 Pin=C3-2
Added Pin To Net: NetName=3V3 Pin=C4-1
Added Pin To Net: NetName=GND Pin=C4-2
Added Pin To Net: NetName=GND Pin=C5-1
Added Pin To Net: NetName=3V3 Pin=C5-2
Added Pin To Net: NetName=GND Pin=C6-1
Added Pin To Net: NetName=3V3 Pin=C6-2
Added Pin To Net: NetName=NetC7_1 Pin=C7-1
Added Pin To Net: NetName=NetC7_2 Pin=C7-2
Added Pin To Net: NetName=GND Pin=C8-1
Added Pin To Net: NetName=NetC8_2 Pin=C8-2
Added Pin To Net: NetName=3V3 Pin=C9-1
Added Pin To Net: NetName=GND Pin=C9-2
Added Pin To Net: NetName=3V3 Pin=C10-1
Added Pin To Net: NetName=GND Pin=C10-2
Added Pin To Net: NetName=GND Pin=C11-1
Added Pin To Net: NetName=3V3 Pin=C11-2
Added Pin To Net: NetName=GND Pin=C12-1
Added Pin To Net: NetName=5V Pin=C12-2
Added Pin To Net: NetName=GND Pin=C13-1
Added Pin To Net: NetName=5V Pin=C13-2
Added Pin To Net: NetName=GND Pin=C14-1
Added Pin To Net: NetName=3V3 Pin=C14-2
Added Pin To Net: NetName=5V Pin=J1-1
Added Pin To Net: NetName=PWM Pin=J1-2
Added Pin To Net: NetName=GND Pin=J1-3
Added Pin To Net: NetName=LPS_CS Pin=J1-4
Added Pin To Net: NetName=303D_CS Pin=J1-5
Added Pin To Net: NetName=6DSM_CS Pin=J1-6
Added Pin To Net: NetName=ICM_CS Pin=J1-7
Added Pin To Net: NetName=GND Pin=J1-8
Added Pin To Net: NetName=6DSM_INT Pin=J1-9
Added Pin To Net: NetName=MOSI Pin=J1-10
Added Pin To Net: NetName=MISO Pin=J1-11
Added Pin To Net: NetName=SCK Pin=J1-12
Added Pin To Net: NetName=GND Pin=J1-13
Added Pin To Net: NetName=5V Pin=J1-14
Added Pin To Net: NetName=NetQ1_1 Pin=Q1-1
Added Pin To Net: NetName=NetQ1_2 Pin=Q1-2
Added Pin To Net: NetName=GND Pin=Q1-3
Added Pin To Net: NetName=5V Pin=R1-1
Added Pin To Net: NetName=NetQ1_2 Pin=R1-2
Added Pin To Net: NetName=GND Pin=R2-1
Added Pin To Net: NetName=NetQ1_1 Pin=R2-2
Added Pin To Net: NetName=PWM Pin=R3-1
Added Pin To Net: NetName=NetQ1_1 Pin=R3-2
Added Pin To Net: NetName=3V3 Pin=U1-1
Added Pin To Net: NetName=SCK Pin=U1-2
Added Pin To Net: NetName=MOSI Pin=U1-3
Added Pin To Net: NetName=MISO Pin=U1-4
Added Pin To Net: NetName=ICM_CS Pin=U1-5
Added Pin To Net: NetName=GND Pin=U1-7
Added Pin To Net: NetName=GND Pin=U1-9
Added Pin To Net: NetName=GND Pin=U1-10
Added Pin To Net: NetName=GND Pin=U1-11
Added Pin To Net: NetName=GND Pin=U1-12
Added Pin To Net: NetName=GND Pin=U1-13
Added Pin To Net: NetName=NetC2_2 Pin=U1-14
Added Pin To Net: NetName=GND Pin=U1-15
Added Pin To Net: NetName=3V3 Pin=U1-16
Added Pin To Net: NetName=MISO Pin=U2-1
Added Pin To Net: NetName=GND Pin=U2-2
Added Pin To Net: NetName=GND Pin=U2-3
Added Pin To Net: NetName=3V3 Pin=U2-5
Added Pin To Net: NetName=GND Pin=U2-6
Added Pin To Net: NetName=GND Pin=U2-7
Added Pin To Net: NetName=3V3 Pin=U2-8
Added Pin To Net: NetName=6DSM_INT Pin=U2-9
Added Pin To Net: NetName=6DSM_CS Pin=U2-12
Added Pin To Net: NetName=SCK Pin=U2-13
Added Pin To Net: NetName=MOSI Pin=U2-14
Added Pin To Net: NetName=3V3 Pin=U3-1
Added Pin To Net: NetName=NetC7_1 Pin=U3-2
Added Pin To Net: NetName=NetC7_2 Pin=U3-3
Added Pin To Net: NetName=SCK Pin=U3-4
Added Pin To Net: NetName=GND Pin=U3-5
Added Pin To Net: NetName=MOSI Pin=U3-6
Added Pin To Net: NetName=MISO Pin=U3-7
Added Pin To Net: NetName=303D_CS Pin=U3-8
Added Pin To Net: NetName=GND Pin=U3-10
Added Pin To Net: NetName=GND Pin=U3-12
Added Pin To Net: NetName=GND Pin=U3-13
Added Pin To Net: NetName=3V3 Pin=U3-14
Added Pin To Net: NetName=NetC8_2 Pin=U3-15
Added Pin To Net: NetName=GND Pin=U3-16
Added Pin To Net: NetName=3V3 Pin=U4-1
Added Pin To Net: NetName=SCK Pin=U4-2
Added Pin To Net: NetName=GND Pin=U4-3
Added Pin To Net: NetName=MOSI Pin=U4-4
Added Pin To Net: NetName=MISO Pin=U4-5
Added Pin To Net: NetName=LPS_CS Pin=U4-6
Added Pin To Net: NetName=GND Pin=U4-8
Added Pin To Net: NetName=GND Pin=U4-9
Added Pin To Net: NetName=3V3 Pin=U4-10
Added Pin To Net: NetName=GND Pin=U5-1
Added Pin To Net: NetName=3V3 Pin=U5-2
Added Pin To Net: NetName=5V Pin=U5-3
Added Member To Class: ClassName=AHRS_Sch Member=Component C1 10nF/6.3v
Added Member To Class: ClassName=AHRS_Sch Member=Component C2 100nF/6.3v
Added Member To Class: ClassName=AHRS_Sch Member=Component C3 2.2uF/6.3v
Added Member To Class: ClassName=AHRS_Sch Member=Component C4 100nF/6.3v
Added Member To Class: ClassName=AHRS_Sch Member=Component C5 100nF/6.3v
Added Member To Class: ClassName=AHRS_Sch Member=Component C6 100nF/6.3v
Added Member To Class: ClassName=AHRS_Sch Member=Component C7 220nF/6.3v
Added Member To Class: ClassName=AHRS_Sch Member=Component C8 100nF/6.3v
Added Member To Class: ClassName=AHRS_Sch Member=Component C9 10uF/6.3v
Added Member To Class: ClassName=AHRS_Sch Member=Component C10 100nF/6.3v
Added Member To Class: ClassName=AHRS_Sch Member=Component C11 100nF/6.3v
Added Member To Class: ClassName=AHRS_Sch Member=Component C12 22uF/6.3v
Added Member To Class: ClassName=AHRS_Sch Member=Component C13 1uF/6.3v
Added Member To Class: ClassName=AHRS_Sch Member=Component C14 1uF/6.3v
Added Member To Class: ClassName=AHRS_Sch Member=Component J1 FPC/FFP
Added Member To Class: ClassName=AHRS_Sch Member=Component Q1 AO3420A
Added Member To Class: ClassName=AHRS_Sch Member=Component R1 11R
Added Member To Class: ClassName=AHRS_Sch Member=Component R2 50k
Added Member To Class: ClassName=AHRS_Sch Member=Component R3 100R
Added Member To Class: ClassName=AHRS_Sch Member=Component TP1 
Added Member To Class: ClassName=AHRS_Sch Member=Component TP2 
Added Member To Class: ClassName=AHRS_Sch Member=Component TP3 
Added Member To Class: ClassName=AHRS_Sch Member=Component TP4 
Added Member To Class: ClassName=AHRS_Sch Member=Component TP5 
Added Member To Class: ClassName=AHRS_Sch Member=Component TP6 
Added Member To Class: ClassName=AHRS_Sch Member=Component TP7 
Added Member To Class: ClassName=AHRS_Sch Member=Component TP8 
Added Member To Class: ClassName=AHRS_Sch Member=Component TP9 
Added Member To Class: ClassName=AHRS_Sch Member=Component TP10 
Added Member To Class: ClassName=AHRS_Sch Member=Component TP11 
Added Member To Class: ClassName=AHRS_Sch Member=Component U1 ICM20602
Added Member To Class: ClassName=AHRS_Sch Member=Component U2 LSM6DSM
Added Member To Class: ClassName=AHRS_Sch Member=Component U3 LSM303D
Added Member To Class: ClassName=AHRS_Sch Member=Component U4 LPS22HB
Added Member To Class: ClassName=AHRS_Sch Member=Component U5 XC6202
Added Room: Name=AHRS_Sch
