Removed Pin From Net: NetName=MOSI Pin=J1-8
Removed Pin From Net: NetName=SCK Pin=J1-9
Removed Pin From Net: NetName=GND Pin=J1-10
Removed Pin From Net: NetName=6DSM_INT Pin=J1-12
Removed Pin From Net: NetName=3V3 Pin=J1-13
Removed Pin From Net: NetName=GND Pin=J1-14
Change Component Comment : Designator=C4 Old Comment=100nF/6.3v New Comment=Capacitence
Change Component Comment : Designator=C5 Old Comment=100nF/6.3v New Comment=Capacitence
Change Component Comment : Designator=C6 Old Comment=100nF/6.3v New Comment=Capacitence
Added Component: Designator=TP1(Test_Point)
Added Component: Designator=TP2(Test_Point)
Added Component: Designator=TP3(Test_Point)
Added Component: Designator=TP4(Test_Point)
Added Component: Designator=TP5(Test_Point)
Added Component: Designator=TP6(Test_Point)
Added Component: Designator=TP7(Test_Point)
Added Component: Designator=TP8(Test_Point)
Added Component: Designator=TP9(Test_Point)
Added Component: Designator=TP10(Test_Point)
Added Component: Designator=TP11(Test_Point)
Added Pin To Net: NetName=GND Pin=J1-8
Added Pin To Net: NetName=6DSM_INT Pin=J1-9
Added Pin To Net: NetName=MOSI Pin=J1-10
Added Pin To Net: NetName=SCK Pin=J1-12
Added Pin To Net: NetName=GND Pin=J1-13
Added Pin To Net: NetName=3V3 Pin=J1-14
Added Member To Class: ClassName=AHRS_Sch Member=Component TP1 Testpoint
Added Member To Class: ClassName=AHRS_Sch Member=Component TP2 Testpoint
Added Member To Class: ClassName=AHRS_Sch Member=Component TP3 Testpoint
Added Member To Class: ClassName=AHRS_Sch Member=Component TP4 Testpoint
Added Member To Class: ClassName=AHRS_Sch Member=Component TP5 Testpoint
Added Member To Class: ClassName=AHRS_Sch Member=Component TP6 Testpoint
Added Member To Class: ClassName=AHRS_Sch Member=Component TP7 Testpoint
Added Member To Class: ClassName=AHRS_Sch Member=Component TP8 Testpoint
Added Member To Class: ClassName=AHRS_Sch Member=Component TP9 Testpoint
Added Member To Class: ClassName=AHRS_Sch Member=Component TP10 Testpoint
Added Member To Class: ClassName=AHRS_Sch Member=Component TP11 Testpoint
Added Room: Name=AHRS_Sch
