Replace Part C1 Capacitence in E:\PCB_Project\AHRS\AHRS_Sch.SchDoc with Capacitence from AHRS.SchLib
Replace Part C2 Capacitence in E:\PCB_Project\AHRS\AHRS_Sch.SchDoc with Capacitence from AHRS.SchLib
Replace Part C3 Capacitence in E:\PCB_Project\AHRS\AHRS_Sch.SchDoc with Capacitence from AHRS.SchLib
Replace Part C4 Capacitence in E:\PCB_Project\AHRS\AHRS_Sch.SchDoc with Capacitence from AHRS.SchLib
Replace Part C5 Capacitence in E:\PCB_Project\AHRS\AHRS_Sch.SchDoc with Capacitence from AHRS.SchLib
Replace Part C6 Capacitence in E:\PCB_Project\AHRS\AHRS_Sch.SchDoc with Capacitence from AHRS.SchLib
Replace Part C7 Capacitence in E:\PCB_Project\AHRS\AHRS_Sch.SchDoc with Capacitence from AHRS.SchLib
Replace Part C8 Capacitence in E:\PCB_Project\AHRS\AHRS_Sch.SchDoc with Capacitence from AHRS.SchLib
Replace Part C9 Capacitence in E:\PCB_Project\AHRS\AHRS_Sch.SchDoc with Capacitence from AHRS.SchLib
Replace Part C10 Capacitence in E:\PCB_Project\AHRS\AHRS_Sch.SchDoc with Capacitence from AHRS.SchLib
Replace Part C11 Capacitence in E:\PCB_Project\AHRS\AHRS_Sch.SchDoc with Capacitence from AHRS.SchLib
Replace Part C12 Capacitence in E:\PCB_Project\AHRS\AHRS_Sch.SchDoc with Capacitence from AHRS.SchLib
Replace Part J1 FPC/FFP in E:\PCB_Project\AHRS\AHRS_Sch.SchDoc with FPC/FFP from AHRS.SchLib
Replace Part Q1 AO3420A in E:\PCB_Project\AHRS\AHRS_Sch.SchDoc with AO3420A from AHRS.SchLib
Replace Part R1 Resistence in E:\PCB_Project\AHRS\AHRS_Sch.SchDoc with Resistence from AHRS.SchLib
Replace Part R2 Resistence in E:\PCB_Project\AHRS\AHRS_Sch.SchDoc with Resistence from AHRS.SchLib
Replace Part R3 Resistence in E:\PCB_Project\AHRS\AHRS_Sch.SchDoc with Resistence from AHRS.SchLib
Replace Part TP1 Testpoint in E:\PCB_Project\AHRS\AHRS_Sch.SchDoc with Testpoint from AHRS.SchLib
Replace Part TP2 Testpoint in E:\PCB_Project\AHRS\AHRS_Sch.SchDoc with Testpoint from AHRS.SchLib
Replace Part TP3 Testpoint in E:\PCB_Project\AHRS\AHRS_Sch.SchDoc with Testpoint from AHRS.SchLib
Replace Part TP4 Testpoint in E:\PCB_Project\AHRS\AHRS_Sch.SchDoc with Testpoint from AHRS.SchLib
Replace Part TP5 Testpoint in E:\PCB_Project\AHRS\AHRS_Sch.SchDoc with Testpoint from AHRS.SchLib
Replace Part TP6 Testpoint in E:\PCB_Project\AHRS\AHRS_Sch.SchDoc with Testpoint from AHRS.SchLib
Replace Part TP7 Testpoint in E:\PCB_Project\AHRS\AHRS_Sch.SchDoc with Testpoint from AHRS.SchLib
Replace Part TP8 Testpoint in E:\PCB_Project\AHRS\AHRS_Sch.SchDoc with Testpoint from AHRS.SchLib
Replace Part TP9 Testpoint in E:\PCB_Project\AHRS\AHRS_Sch.SchDoc with Testpoint from AHRS.SchLib
Replace Part TP10 Testpoint in E:\PCB_Project\AHRS\AHRS_Sch.SchDoc with Testpoint from AHRS.SchLib
Replace Part TP11 Testpoint in E:\PCB_Project\AHRS\AHRS_Sch.SchDoc with Testpoint from AHRS.SchLib
Replace Part U1 ICM20602 in E:\PCB_Project\AHRS\AHRS_Sch.SchDoc with ICM20602 from AHRS.SchLib
Replace Part U2 LSM6DSM in E:\PCB_Project\AHRS\AHRS_Sch.SchDoc with LSM6DSM from AHRS.SchLib
Replace Part U3 LSM303D in E:\PCB_Project\AHRS\AHRS_Sch.SchDoc with LSM303D from AHRS.SchLib
Replace Part U4 LPS22HB in E:\PCB_Project\AHRS\AHRS_Sch.SchDoc with LPS22HB from AHRS.SchLib
